0 info it worked if it ends with ok
1 verbose cli [ '/usr/bin/node', '/usr/bin/npm', 'ls', '--depth', '0', '--json' ]
2 info using npm@3.5.2
3 info using node@v8.10.0
4 error extraneous: acorn-node /home/cvelez/Development/glchart/node_modules/acorn-node
4 error error in /home/cvelez/Development/glchart/node_modules/acorn-node: ENOENT: no such file or directory, open '/home/cvelez/Development/glchart/node_modules/acorn-node/package.json'
4 error extraneous: acorn-object-spread /home/cvelez/Development/glchart/node_modules/acorn-object-spread
4 error error in /home/cvelez/Development/glchart/node_modules/acorn-object-spread: ENOENT: no such file or directory, open '/home/cvelez/Development/glchart/node_modules/acorn-object-spread/package.json'
4 error extraneous: buble /home/cvelez/Development/glchart/node_modules/buble
4 error error in /home/cvelez/Development/glchart/node_modules/buble: ENOENT: no such file or directory, open '/home/cvelez/Development/glchart/node_modules/buble/package.json'
4 error extraneous: rijs.npm /home/cvelez/Development/glchart/node_modules/rijs.npm
4 error error in /home/cvelez/Development/glchart/node_modules/rijs.npm: ENOENT: no such file or directory, open '/home/cvelez/Development/glchart/node_modules/rijs.npm/package.json'
4 error extraneous: rijs.sync /home/cvelez/Development/glchart/node_modules/rijs.sync
4 error error in /home/cvelez/Development/glchart/node_modules/rijs.sync: ENOENT: no such file or directory, open '/home/cvelez/Development/glchart/node_modules/rijs.sync/package.json'
4 error extraneous: send /home/cvelez/Development/glchart/node_modules/send
4 error error in /home/cvelez/Development/glchart/node_modules/send: ENOENT: no such file or directory, open '/home/cvelez/Development/glchart/node_modules/send/package.json'
4 error extraneous: touch /home/cvelez/Development/glchart/node_modules/touch
4 error error in /home/cvelez/Development/glchart/node_modules/touch: ENOENT: no such file or directory, open '/home/cvelez/Development/glchart/node_modules/touch/package.json'
5 verbose exit [ 1, true ]
6 verbose stack Error: write EPIPE
6 verbose stack     at _errnoException (util.js:1022:11)
6 verbose stack     at WriteWrap.afterWrite [as oncomplete] (net.js:880:14)
7 verbose cwd /home/cvelez/Development/glchart
8 error Linux 4.15.0-39-generic
9 error argv "/usr/bin/node" "/usr/bin/npm" "ls" "--depth" "0" "--json"
10 error node v8.10.0
11 error npm  v3.5.2
12 error code EPIPE
13 error errno EPIPE
14 error syscall write
15 error write EPIPE
16 error If you need help, you may report this error at:
16 error     <https://github.com/npm/npm/issues>
17 verbose exit [ 1, true ]
